<?xml version="1.0" encoding="UTF-8"?>
<!-- Generated by org.testng.reporters.JUnitReportReporter -->
<testsuite hostname="Priya" failures="0" tests="2" name="frameworkmaven.AppiumTest" time="0.001" errors="0" timestamp="2019-04-15T12:36:46 PDT" skipped="0">
  <testcase classname="frameworkmaven.AppiumTest" name="appinstall" time="0.000"/>
  <testcase classname="frameworkmaven.AppiumTest" name="mobileapp" time="0.001"/>
</testsuite> <!-- frameworkmaven.AppiumTest -->
