<?xml version="1.0" encoding="UTF-8"?>
<!-- Generated by org.testng.reporters.JUnitReportReporter -->
<testsuite hostname="Priya" failures="0" tests="2" name="frameworkmaven.SeleniumTest" time="0.008" errors="0" timestamp="2019-04-15T12:36:46 PDT" skipped="0">
  <testcase classname="frameworkmaven.SeleniumTest" name="browserUI" time="0.008"/>
  <testcase classname="frameworkmaven.SeleniumTest" name="webelementsUI" time="0.000"/>
</testsuite> <!-- frameworkmaven.SeleniumTest -->
